01-03-2024 15:28:57.100 [SpringApplicationShutdownHook] INFO  o.s.o.j.LocalContainerEntityManagerFactoryBean.destroy - Closing JPA EntityManagerFactory for persistence unit 'default'
01-03-2024 15:28:57.105 [SpringApplicationShutdownHook] INFO  com.zaxxer.hikari.HikariDataSource.close - HikariPool-1 - Shutdown initiated...
01-03-2024 15:28:57.128 [SpringApplicationShutdownHook] INFO  com.zaxxer.hikari.HikariDataSource.close - HikariPool-1 - Shutdown completed.
01-03-2024 15:29:19.416 [main] INFO  com.example.demo.DemoApplication.logStarting - Starting DemoApplication using Java 21.0.2 with PID 8908 (C:\Users\reija.drieux\Documents\09_JavaSpring\cn_spring_squareGames\demo\demo\target\classes started by reija.drieux in C:\Users\reija.drieux\Documents\09_JavaSpring\cn_spring_squareGames\demo\demo)
01-03-2024 15:29:19.420 [main] DEBUG com.example.demo.DemoApplication.logStarting - Running with Spring Boot v3.2.2, Spring v6.1.3
01-03-2024 15:29:19.421 [main] INFO  com.example.demo.DemoApplication.logStartupProfileInfo - The following 1 profile is active: "mysql"
01-03-2024 15:29:20.097 [main] INFO  o.s.d.r.c.RepositoryConfigurationDelegate.registerRepositoriesIn - Bootstrapping Spring Data JPA repositories in DEFAULT mode.
01-03-2024 15:29:20.151 [main] INFO  o.s.d.r.c.RepositoryConfigurationDelegate.registerRepositoriesIn - Finished Spring Data repository scanning in 47 ms. Found 2 JPA repository interfaces.
01-03-2024 15:29:20.634 [main] INFO  o.s.b.w.e.tomcat.TomcatWebServer.initialize - Tomcat initialized with port 8080 (http)
01-03-2024 15:29:20.645 [main] INFO  o.a.coyote.http11.Http11NioProtocol.log - Initializing ProtocolHandler ["http-nio-8080"]
01-03-2024 15:29:20.647 [main] INFO  o.a.catalina.core.StandardService.log - Starting service [Tomcat]
01-03-2024 15:29:20.647 [main] INFO  o.a.catalina.core.StandardEngine.log - Starting Servlet engine: [Apache Tomcat/10.1.18]
01-03-2024 15:29:20.699 [main] INFO  o.a.c.c.C.[Tomcat].[localhost].[/].log - Initializing Spring embedded WebApplicationContext
01-03-2024 15:29:20.699 [main] INFO  o.s.b.w.s.c.ServletWebServerApplicationContext.prepareWebApplicationContext - Root WebApplicationContext: initialization completed in 1227 ms
01-03-2024 15:29:20.779 [main] INFO  com.zaxxer.hikari.HikariDataSource.getConnection - HikariPool-1 - Starting...
01-03-2024 15:29:21.170 [main] INFO  com.zaxxer.hikari.pool.HikariPool.checkFailFast - HikariPool-1 - Added connection com.mysql.cj.jdbc.ConnectionImpl@2b9e69fb
01-03-2024 15:29:21.173 [main] INFO  com.zaxxer.hikari.HikariDataSource.getConnection - HikariPool-1 - Start completed.
01-03-2024 15:29:21.258 [main] INFO  o.h.jpa.internal.util.LogHelper.logPersistenceUnitInformation - HHH000204: Processing PersistenceUnitInfo [name: default]
01-03-2024 15:29:21.346 [main] INFO  org.hibernate.Version.logVersion - HHH000412: Hibernate ORM core version 6.4.1.Final
01-03-2024 15:29:21.401 [main] INFO  o.h.c.i.RegionFactoryInitiator.initiateService - HHH000026: Second-level cache disabled
01-03-2024 15:29:21.707 [main] INFO  o.s.o.j.p.SpringPersistenceUnitInfo.addTransformer - No LoadTimeWeaver setup: ignoring JPA class transformer
01-03-2024 15:29:22.822 [main] INFO  o.h.e.t.j.p.i.JtaPlatformInitiator.initiateService - HHH000489: No JTA platform available (set 'hibernate.transaction.jta.platform' to enable JTA platform integration)
01-03-2024 15:29:22.826 [main] INFO  o.s.o.j.LocalContainerEntityManagerFactoryBean.buildNativeEntityManagerFactory - Initialized JPA EntityManagerFactory for persistence unit 'default'
01-03-2024 15:29:23.183 [main] WARN  o.s.b.a.o.j.JpaBaseConfiguration$JpaWebConfiguration.openEntityManagerInViewInterceptor - spring.jpa.open-in-view is enabled by default. Therefore, database queries may be performed during view rendering. Explicitly configure spring.jpa.open-in-view to disable this warning
01-03-2024 15:29:23.431 [main] INFO  o.s.s.web.DefaultSecurityFilterChain.<init> - Will secure any request with [org.springframework.security.web.session.DisableEncodeUrlFilter@439047ef, org.springframework.security.web.context.request.async.WebAsyncManagerIntegrationFilter@7e0393df, org.springframework.security.web.context.SecurityContextHolderFilter@7ab8f93, org.springframework.security.web.header.HeaderWriterFilter@dd025d9, org.springframework.web.filter.CorsFilter@62b2bc2e, org.springframework.security.web.authentication.logout.LogoutFilter@32eeef08, org.springframework.security.web.savedrequest.RequestCacheAwareFilter@4d87e7f3, org.springframework.security.web.servletapi.SecurityContextHolderAwareRequestFilter@14c7ab73, org.springframework.security.web.authentication.AnonymousAuthenticationFilter@3e3d8e6c, org.springframework.security.web.session.SessionManagementFilter@24f8707c, org.springframework.security.web.access.ExceptionTranslationFilter@1978eab7, org.springframework.security.web.access.intercept.AuthorizationFilter@3b44ed3c]
01-03-2024 15:29:23.625 [main] INFO  o.a.coyote.http11.Http11NioProtocol.log - Starting ProtocolHandler ["http-nio-8080"]
01-03-2024 15:29:23.644 [main] INFO  o.s.b.w.e.tomcat.TomcatWebServer.start - Tomcat started on port 8080 (http) with context path ''
01-03-2024 15:29:23.653 [main] INFO  com.example.demo.DemoApplication.logStarted - Started DemoApplication in 4.591 seconds (process running for 5.517)
01-03-2024 15:29:36.543 [http-nio-8080-exec-4] INFO  o.a.c.c.C.[Tomcat].[localhost].[/].log - Initializing Spring DispatcherServlet 'dispatcherServlet'
01-03-2024 15:29:36.543 [http-nio-8080-exec-4] INFO  o.s.web.servlet.DispatcherServlet.initServletBean - Initializing Servlet 'dispatcherServlet'
01-03-2024 15:29:36.544 [http-nio-8080-exec-4] INFO  o.s.web.servlet.DispatcherServlet.initServletBean - Completed initialization in 1 ms
01-03-2024 15:29:36.691 [http-nio-8080-exec-4] INFO  c.e.demo.controller.UserController.createUser - Info level - Authenticate users
01-03-2024 15:29:36.957 [http-nio-8080-exec-4] INFO  c.e.demo.controller.UserController.createUser - Info - Create new authenticatable user liisal
01-03-2024 15:29:57.514 [http-nio-8080-exec-3] INFO  c.e.demo.controller.UserController.login - Info level - Authenticate users
