29-02-2024 13:55:53.139 [SpringApplicationShutdownHook] INFO  o.s.o.j.LocalContainerEntityManagerFactoryBean.destroy - Closing JPA EntityManagerFactory for persistence unit 'default'
29-02-2024 13:55:53.195 [SpringApplicationShutdownHook] INFO  com.zaxxer.hikari.HikariDataSource.close - HikariPool-1 - Shutdown initiated...
29-02-2024 13:55:53.295 [SpringApplicationShutdownHook] INFO  com.zaxxer.hikari.HikariDataSource.close - HikariPool-1 - Shutdown completed.
29-02-2024 13:55:57.313 [main] INFO  com.example.demo.DemoApplication.logStarting - Starting DemoApplication using Java 21.0.2 with PID 21856 (C:\Users\reija.drieux\Documents\09_JavaSpring\cn_spring_squareGames\demo\demo\target\classes started by reija.drieux in C:\Users\reija.drieux\Documents\09_JavaSpring\cn_spring_squareGames\demo\demo)
29-02-2024 13:55:57.316 [main] DEBUG com.example.demo.DemoApplication.logStarting - Running with Spring Boot v3.2.2, Spring v6.1.3
29-02-2024 13:55:57.316 [main] INFO  com.example.demo.DemoApplication.logStartupProfileInfo - The following 1 profile is active: "mysql"
29-02-2024 13:55:58.014 [main] INFO  o.s.d.r.c.RepositoryConfigurationDelegate.registerRepositoriesIn - Bootstrapping Spring Data JPA repositories in DEFAULT mode.
29-02-2024 13:55:58.061 [main] INFO  o.s.d.r.c.RepositoryConfigurationDelegate.registerRepositoriesIn - Finished Spring Data repository scanning in 39 ms. Found 2 JPA repository interfaces.
29-02-2024 13:55:58.550 [main] INFO  o.s.b.w.e.tomcat.TomcatWebServer.initialize - Tomcat initialized with port 8080 (http)
29-02-2024 13:55:58.562 [main] INFO  o.a.coyote.http11.Http11NioProtocol.log - Initializing ProtocolHandler ["http-nio-8080"]
29-02-2024 13:55:58.564 [main] INFO  o.a.catalina.core.StandardService.log - Starting service [Tomcat]
29-02-2024 13:55:58.564 [main] INFO  o.a.catalina.core.StandardEngine.log - Starting Servlet engine: [Apache Tomcat/10.1.18]
29-02-2024 13:55:58.620 [main] INFO  o.a.c.c.C.[Tomcat].[localhost].[/].log - Initializing Spring embedded WebApplicationContext
29-02-2024 13:55:58.621 [main] INFO  o.s.b.w.s.c.ServletWebServerApplicationContext.prepareWebApplicationContext - Root WebApplicationContext: initialization completed in 1263 ms
29-02-2024 13:55:58.705 [main] INFO  com.zaxxer.hikari.HikariDataSource.getConnection - HikariPool-1 - Starting...
29-02-2024 13:55:59.079 [main] INFO  com.zaxxer.hikari.pool.HikariPool.checkFailFast - HikariPool-1 - Added connection com.mysql.cj.jdbc.ConnectionImpl@37ca3ca8
29-02-2024 13:55:59.081 [main] INFO  com.zaxxer.hikari.HikariDataSource.getConnection - HikariPool-1 - Start completed.
29-02-2024 13:55:59.170 [main] INFO  o.h.jpa.internal.util.LogHelper.logPersistenceUnitInformation - HHH000204: Processing PersistenceUnitInfo [name: default]
29-02-2024 13:55:59.265 [main] INFO  org.hibernate.Version.logVersion - HHH000412: Hibernate ORM core version 6.4.1.Final
29-02-2024 13:55:59.309 [main] INFO  o.h.c.i.RegionFactoryInitiator.initiateService - HHH000026: Second-level cache disabled
29-02-2024 13:55:59.602 [main] INFO  o.s.o.j.p.SpringPersistenceUnitInfo.addTransformer - No LoadTimeWeaver setup: ignoring JPA class transformer
29-02-2024 13:56:00.575 [main] INFO  o.h.e.t.j.p.i.JtaPlatformInitiator.initiateService - HHH000489: No JTA platform available (set 'hibernate.transaction.jta.platform' to enable JTA platform integration)
29-02-2024 13:56:00.578 [main] INFO  o.s.o.j.LocalContainerEntityManagerFactoryBean.buildNativeEntityManagerFactory - Initialized JPA EntityManagerFactory for persistence unit 'default'
29-02-2024 13:56:00.853 [main] WARN  o.s.b.a.o.j.JpaBaseConfiguration$JpaWebConfiguration.openEntityManagerInViewInterceptor - spring.jpa.open-in-view is enabled by default. Therefore, database queries may be performed during view rendering. Explicitly configure spring.jpa.open-in-view to disable this warning
29-02-2024 13:56:01.114 [main] INFO  o.s.s.web.DefaultSecurityFilterChain.<init> - Will secure any request with [org.springframework.security.web.session.DisableEncodeUrlFilter@3305897c, org.springframework.security.web.context.request.async.WebAsyncManagerIntegrationFilter@53945f9c, org.springframework.security.web.context.SecurityContextHolderFilter@27caa186, org.springframework.security.web.header.HeaderWriterFilter@5cd2adc7, org.springframework.web.filter.CorsFilter@53b83897, org.springframework.security.web.csrf.CsrfFilter@1f4b8027, org.springframework.security.web.authentication.logout.LogoutFilter@b8c6406, org.springframework.security.web.authentication.UsernamePasswordAuthenticationFilter@726dd367, org.springframework.security.web.authentication.ui.DefaultLoginPageGeneratingFilter@1db565f2, org.springframework.security.web.authentication.ui.DefaultLogoutPageGeneratingFilter@28ffa527, org.springframework.security.web.authentication.www.BasicAuthenticationFilter@c2191a8, org.springframework.security.web.savedrequest.RequestCacheAwareFilter@753c7411, org.springframework.security.web.servletapi.SecurityContextHolderAwareRequestFilter@3ba015b1, org.springframework.security.web.authentication.AnonymousAuthenticationFilter@372e972d, org.springframework.security.web.access.ExceptionTranslationFilter@e60c466, org.springframework.security.web.access.intercept.AuthorizationFilter@6c399d4]
29-02-2024 13:56:01.130 [main] WARN  o.s.b.w.s.c.AnnotationConfigServletWebServerApplicationContext.refresh - Exception encountered during context initialization - cancelling refresh attempt: org.springframework.beans.factory.BeanCreationException: Error creating bean with name 'authenticationManager' defined in class path resource [com/example/demo/utils/SecurityConfig.class]: Failed to instantiate [org.springframework.security.authentication.AuthenticationManager]: Factory method 'authenticationManager' threw exception with message: java.lang.NullPointerException: Cannot invoke "org.springframework.security.config.annotation.authentication.configuration.AuthenticationConfiguration.getAuthenticationManager()" because "this.authenticationConfiguration" is null
29-02-2024 13:56:01.131 [main] INFO  o.s.o.j.LocalContainerEntityManagerFactoryBean.destroy - Closing JPA EntityManagerFactory for persistence unit 'default'
29-02-2024 13:56:01.134 [main] INFO  com.zaxxer.hikari.HikariDataSource.close - HikariPool-1 - Shutdown initiated...
29-02-2024 13:56:01.153 [main] INFO  com.zaxxer.hikari.HikariDataSource.close - HikariPool-1 - Shutdown completed.
29-02-2024 13:56:01.155 [main] INFO  o.a.catalina.core.StandardService.log - Stopping service [Tomcat]
29-02-2024 13:56:01.165 [main] INFO  o.s.b.a.l.ConditionEvaluationReportLogger.logMessage - 

Error starting ApplicationContext. To display the condition evaluation report re-run your application with 'debug' enabled.
29-02-2024 13:56:01.183 [main] ERROR o.s.boot.SpringApplication.reportFailure - Application run failed
org.springframework.beans.factory.BeanCreationException: Error creating bean with name 'authenticationManager' defined in class path resource [com/example/demo/utils/SecurityConfig.class]: Failed to instantiate [org.springframework.security.authentication.AuthenticationManager]: Factory method 'authenticationManager' threw exception with message: java.lang.NullPointerException: Cannot invoke "org.springframework.security.config.annotation.authentication.configuration.AuthenticationConfiguration.getAuthenticationManager()" because "this.authenticationConfiguration" is null
	at org.springframework.beans.factory.support.ConstructorResolver.instantiate(ConstructorResolver.java:651)
	at org.springframework.beans.factory.support.ConstructorResolver.instantiateUsingFactoryMethod(ConstructorResolver.java:485)
	at org.springframework.beans.factory.support.AbstractAutowireCapableBeanFactory.instantiateUsingFactoryMethod(AbstractAutowireCapableBeanFactory.java:1334)
	at org.springframework.beans.factory.support.AbstractAutowireCapableBeanFactory.createBeanInstance(AbstractAutowireCapableBeanFactory.java:1164)
	at org.springframework.beans.factory.support.AbstractAutowireCapableBeanFactory.doCreateBean(AbstractAutowireCapableBeanFactory.java:561)
	at org.springframework.beans.factory.support.AbstractAutowireCapableBeanFactory.createBean(AbstractAutowireCapableBeanFactory.java:521)
	at org.springframework.beans.factory.support.AbstractBeanFactory.lambda$doGetBean$0(AbstractBeanFactory.java:325)
	at org.springframework.beans.factory.support.DefaultSingletonBeanRegistry.getSingleton(DefaultSingletonBeanRegistry.java:234)
	at org.springframework.beans.factory.support.AbstractBeanFactory.doGetBean(AbstractBeanFactory.java:323)
	at org.springframework.beans.factory.support.AbstractBeanFactory.getBean(AbstractBeanFactory.java:199)
	at org.springframework.beans.factory.support.DefaultListableBeanFactory.preInstantiateSingletons(DefaultListableBeanFactory.java:975)
	at org.springframework.context.support.AbstractApplicationContext.finishBeanFactoryInitialization(AbstractApplicationContext.java:959)
	at org.springframework.context.support.AbstractApplicationContext.refresh(AbstractApplicationContext.java:624)
	at org.springframework.boot.web.servlet.context.ServletWebServerApplicationContext.refresh(ServletWebServerApplicationContext.java:146)
	at org.springframework.boot.SpringApplication.refresh(SpringApplication.java:754)
	at org.springframework.boot.SpringApplication.refreshContext(SpringApplication.java:456)
	at org.springframework.boot.SpringApplication.run(SpringApplication.java:334)
	at org.springframework.boot.SpringApplication.run(SpringApplication.java:1354)
	at org.springframework.boot.SpringApplication.run(SpringApplication.java:1343)
	at com.example.demo.DemoApplication.main(DemoApplication.java:17)
Caused by: org.springframework.beans.BeanInstantiationException: Failed to instantiate [org.springframework.security.authentication.AuthenticationManager]: Factory method 'authenticationManager' threw exception with message: java.lang.NullPointerException: Cannot invoke "org.springframework.security.config.annotation.authentication.configuration.AuthenticationConfiguration.getAuthenticationManager()" because "this.authenticationConfiguration" is null
	at org.springframework.beans.factory.support.SimpleInstantiationStrategy.instantiate(SimpleInstantiationStrategy.java:177)
	at org.springframework.beans.factory.support.ConstructorResolver.instantiate(ConstructorResolver.java:647)
	... 19 common frames omitted
Caused by: java.lang.RuntimeException: java.lang.NullPointerException: Cannot invoke "org.springframework.security.config.annotation.authentication.configuration.AuthenticationConfiguration.getAuthenticationManager()" because "this.authenticationConfiguration" is null
	at com.example.demo.utils.SecurityConfig.authenticationManager(SecurityConfig.java:26)
	at com.example.demo.utils.SecurityConfig$$SpringCGLIB$$0.CGLIB$authenticationManager$1(<generated>)
	at com.example.demo.utils.SecurityConfig$$SpringCGLIB$$FastClass$$1.invoke(<generated>)
	at org.springframework.cglib.proxy.MethodProxy.invokeSuper(MethodProxy.java:258)
	at org.springframework.context.annotation.ConfigurationClassEnhancer$BeanMethodInterceptor.intercept(ConfigurationClassEnhancer.java:331)
	at com.example.demo.utils.SecurityConfig$$SpringCGLIB$$0.authenticationManager(<generated>)
	at java.base/jdk.internal.reflect.DirectMethodHandleAccessor.invoke(DirectMethodHandleAccessor.java:103)
	at java.base/java.lang.reflect.Method.invoke(Method.java:580)
	at org.springframework.beans.factory.support.SimpleInstantiationStrategy.instantiate(SimpleInstantiationStrategy.java:140)
	... 20 common frames omitted
Caused by: java.lang.NullPointerException: Cannot invoke "org.springframework.security.config.annotation.authentication.configuration.AuthenticationConfiguration.getAuthenticationManager()" because "this.authenticationConfiguration" is null
	at com.example.demo.utils.SecurityConfig.authenticationManager(SecurityConfig.java:24)
	... 28 common frames omitted
