01-03-2024 15:25:46.250 [HikariPool-1 housekeeper] WARN  com.zaxxer.hikari.pool.HikariPool.run - HikariPool-1 - Thread starvation or clock leap detected (housekeeper delta=48s815ms355µs800ns).
01-03-2024 15:27:08.795 [SpringApplicationShutdownHook] INFO  o.s.o.j.LocalContainerEntityManagerFactoryBean.destroy - Closing JPA EntityManagerFactory for persistence unit 'default'
01-03-2024 15:27:08.800 [SpringApplicationShutdownHook] INFO  com.zaxxer.hikari.HikariDataSource.close - HikariPool-1 - Shutdown initiated...
01-03-2024 15:27:08.867 [SpringApplicationShutdownHook] INFO  com.zaxxer.hikari.HikariDataSource.close - HikariPool-1 - Shutdown completed.
01-03-2024 15:27:12.675 [main] INFO  com.example.demo.DemoApplication.logStarting - Starting DemoApplication using Java 21.0.2 with PID 14948 (C:\Users\reija.drieux\Documents\09_JavaSpring\cn_spring_squareGames\demo\demo\target\classes started by reija.drieux in C:\Users\reija.drieux\Documents\09_JavaSpring\cn_spring_squareGames\demo\demo)
01-03-2024 15:27:12.678 [main] DEBUG com.example.demo.DemoApplication.logStarting - Running with Spring Boot v3.2.2, Spring v6.1.3
01-03-2024 15:27:12.679 [main] INFO  com.example.demo.DemoApplication.logStartupProfileInfo - The following 1 profile is active: "mysql"
01-03-2024 15:27:13.357 [main] INFO  o.s.d.r.c.RepositoryConfigurationDelegate.registerRepositoriesIn - Bootstrapping Spring Data JPA repositories in DEFAULT mode.
01-03-2024 15:27:13.413 [main] INFO  o.s.d.r.c.RepositoryConfigurationDelegate.registerRepositoriesIn - Finished Spring Data repository scanning in 47 ms. Found 2 JPA repository interfaces.
01-03-2024 15:27:13.940 [main] INFO  o.s.b.w.e.tomcat.TomcatWebServer.initialize - Tomcat initialized with port 8080 (http)
01-03-2024 15:27:13.950 [main] INFO  o.a.coyote.http11.Http11NioProtocol.log - Initializing ProtocolHandler ["http-nio-8080"]
01-03-2024 15:27:13.951 [main] INFO  o.a.catalina.core.StandardService.log - Starting service [Tomcat]
01-03-2024 15:27:13.952 [main] INFO  o.a.catalina.core.StandardEngine.log - Starting Servlet engine: [Apache Tomcat/10.1.18]
01-03-2024 15:27:14.006 [main] INFO  o.a.c.c.C.[Tomcat].[localhost].[/].log - Initializing Spring embedded WebApplicationContext
01-03-2024 15:27:14.006 [main] INFO  o.s.b.w.s.c.ServletWebServerApplicationContext.prepareWebApplicationContext - Root WebApplicationContext: initialization completed in 1286 ms
01-03-2024 15:27:14.109 [main] INFO  com.zaxxer.hikari.HikariDataSource.getConnection - HikariPool-1 - Starting...
01-03-2024 15:27:14.507 [main] INFO  com.zaxxer.hikari.pool.HikariPool.checkFailFast - HikariPool-1 - Added connection com.mysql.cj.jdbc.ConnectionImpl@6a6da47a
01-03-2024 15:27:14.509 [main] INFO  com.zaxxer.hikari.HikariDataSource.getConnection - HikariPool-1 - Start completed.
01-03-2024 15:27:14.593 [main] INFO  o.h.jpa.internal.util.LogHelper.logPersistenceUnitInformation - HHH000204: Processing PersistenceUnitInfo [name: default]
01-03-2024 15:27:14.673 [main] INFO  org.hibernate.Version.logVersion - HHH000412: Hibernate ORM core version 6.4.1.Final
01-03-2024 15:27:14.725 [main] INFO  o.h.c.i.RegionFactoryInitiator.initiateService - HHH000026: Second-level cache disabled
01-03-2024 15:27:15.025 [main] INFO  o.s.o.j.p.SpringPersistenceUnitInfo.addTransformer - No LoadTimeWeaver setup: ignoring JPA class transformer
01-03-2024 15:27:16.019 [main] INFO  o.h.e.t.j.p.i.JtaPlatformInitiator.initiateService - HHH000489: No JTA platform available (set 'hibernate.transaction.jta.platform' to enable JTA platform integration)
01-03-2024 15:27:16.024 [main] INFO  o.s.o.j.LocalContainerEntityManagerFactoryBean.buildNativeEntityManagerFactory - Initialized JPA EntityManagerFactory for persistence unit 'default'
01-03-2024 15:27:16.610 [main] WARN  o.s.b.a.o.j.JpaBaseConfiguration$JpaWebConfiguration.openEntityManagerInViewInterceptor - spring.jpa.open-in-view is enabled by default. Therefore, database queries may be performed during view rendering. Explicitly configure spring.jpa.open-in-view to disable this warning
01-03-2024 15:27:16.925 [main] INFO  o.s.s.web.DefaultSecurityFilterChain.<init> - Will secure any request with [org.springframework.security.web.session.DisableEncodeUrlFilter@3b44ed3c, org.springframework.security.web.context.request.async.WebAsyncManagerIntegrationFilter@1df83569, org.springframework.security.web.context.SecurityContextHolderFilter@7e4a6afd, org.springframework.security.web.header.HeaderWriterFilter@1978eab7, org.springframework.web.filter.CorsFilter@439047ef, org.springframework.security.web.authentication.logout.LogoutFilter@1b4ade78, org.springframework.security.web.savedrequest.RequestCacheAwareFilter@7ab8f93, org.springframework.security.web.servletapi.SecurityContextHolderAwareRequestFilter@6037748a, org.springframework.security.web.authentication.AnonymousAuthenticationFilter@7e0393df, org.springframework.security.web.session.SessionManagementFilter@125c03d3, org.springframework.security.web.access.ExceptionTranslationFilter@26fc464f, org.springframework.security.web.access.intercept.AuthorizationFilter@170937fe]
01-03-2024 15:27:17.144 [main] INFO  o.a.coyote.http11.Http11NioProtocol.log - Starting ProtocolHandler ["http-nio-8080"]
01-03-2024 15:27:17.162 [main] INFO  o.s.b.w.e.tomcat.TomcatWebServer.start - Tomcat started on port 8080 (http) with context path ''
01-03-2024 15:27:17.168 [main] INFO  com.example.demo.DemoApplication.logStarted - Started DemoApplication in 4.885 seconds (process running for 5.849)
